#
# There is insufficient memory for the Java Runtime Environment to continue.
# Native memory allocation (mmap) failed to map 232783872 bytes for Failed to commit area from 0x0000000722400000 to 0x0000000730200000 of length 232783872.
# Possible reasons:
#   The system is out of physical RAM or swap space
#   The process is running with CompressedOops enabled, and the Java Heap may be blocking the growth of the native heap
# Possible solutions:
#   Reduce memory load on the system
#   Increase physical memory or swap space
#   Check if swap backing store is full
#   Decrease Java heap size (-Xmx/-Xms)
#   Decrease number of Java threads
#   Decrease Java thread stack sizes (-Xss)
#   Set larger code cache with -XX:ReservedCodeCacheSize=
# This output file may be truncated or incomplete.
#
#  Out of Memory Error (./src/hotspot/os/windows/os_windows.cpp:3619), pid=11168, tid=13280
#
# JRE version:  (11.0.13+7) (build )
# Java VM: OpenJDK 64-Bit Server VM (11.0.13+7-b1751.19, mixed mode, sharing, tiered, compressed oops, g1 gc, windows-amd64)
# No core dump will be written. Minidumps are not enabled by default on client versions of Windows
#

---------------  S U M M A R Y ------------

Command Line: git4idea.http.GitAskPassApp Username for 'https://github.com': 

Host: AMD Ryzen 5 5600H with Radeon Graphics         , 12 cores, 13G,  Windows 11 , 64 bit Build 22621 (10.0.22621.1635)
Time: Mon May 22 01:25:02 2023 Центральная Азия (зима) elapsed time: 0.008982 seconds (0d 0h 0m 0s)

---------------  T H R E A D  ---------------

Current thread (0x000001a67ad9d800):  JavaThread "Unknown thread" [_thread_in_vm, id=13280, stack(0x0000004b7a100000,0x0000004b7a200000)]

Stack: [0x0000004b7a100000,0x0000004b7a200000]
Native frames: (J=compiled Java code, j=interpreted, Vv=VM code, C=native code)
V  [jvm.dll+0x613ada]
V  [jvm.dll+0x799a80]
V  [jvm.dll+0x79b09d]
V  [jvm.dll+0x79b773]
V  [jvm.dll+0x24c4c8]
V  [jvm.dll+0x610b64]
V  [jvm.dll+0x605855]
V  [jvm.dll+0x30aaeb]
V  [jvm.dll+0x30aa5a]
V  [jvm.dll+0x30a932]
V  [jvm.dll+0x30f896]
V  [jvm.dll+0x359293]
V  [jvm.dll+0x359996]
V  [jvm.dll+0x359393]
V  [jvm.dll+0x2e5308]
V  [jvm.dll+0x2e64b7]
V  [jvm.dll+0x7769c7]
V  [jvm.dll+0x7781bc]
V  [jvm.dll+0x366829]
V  [jvm.dll+0x75a52e]
V  [jvm.dll+0x3d4923]
V  [jvm.dll+0x3d6e91]
C  [jli.dll+0x536b]
C  [ucrtbase.dll+0x29363]
C  [KERNEL32.DLL+0x126ad]
C  [ntdll.dll+0x5a9f8]


---------------  P R O C E S S  ---------------

Threads class SMR info:
_java_thread_list=0x000001a67ab99770, length=0, elements={
}

Java Threads: ( => current thread )

Other Threads:
  0x000001a67adb6000 GCTaskThread "GC Thread#0" [stack: 0x0000004b7a200000,0x0000004b7a300000] [id=10152]
  0x000001a67ae0a000 ConcurrentGCThread "G1 Main Marker" [stack: 0x0000004b7a300000,0x0000004b7a400000] [id=16452]
  0x000001a67ae0b000 ConcurrentGCThread "G1 Conc#0" [stack: 0x0000004b7a400000,0x0000004b7a500000] [id=16828]

[error occurred during error reporting (printing all threads), id 0xc0000005, EXCEPTION_ACCESS_VIOLATION (0xc0000005) at pc=0x00007ffe246c5b77]

VM state:not at safepoint (not fully initialized)

VM Mutex/Monitor currently owned by a thread:  ([mutex/lock_event])
[0x000001a67ad9c600] Heap_lock - owner thread: 0x000001a67ad9d800

Heap address: 0x0000000722400000, size: 3548 MB, Compressed Oops mode: Non-zero based: 0x0000000722400000
Narrow klass base: 0x0000000000000000, Narrow klass shift: 0

GC Heap History (0 events):
No events

Deoptimization events (0 events):
No events

Classes redefined (0 events):
No events

Internal exceptions (0 events):
No events

Events (1 events):
Event: 0.005 Loaded shared library C:\Program Files\JetBrains\PyCharm 2021.3\jbr\bin\zip.dll


Dynamic libraries:
0x00007ff672bd0000 - 0x00007ff672bda000 	C:\Program Files\JetBrains\PyCharm 2021.3\jbr\bin\java.exe
0x00007ffe929d0000 - 0x00007ffe92be4000 	C:\WINDOWS\SYSTEM32\ntdll.dll
0x00007ffe91330000 - 0x00007ffe913f2000 	C:\WINDOWS\System32\KERNEL32.DLL
0x00007ffe90240000 - 0x00007ffe905e3000 	C:\WINDOWS\System32\KERNELBASE.dll
0x00007ffe905f0000 - 0x00007ffe90701000 	C:\WINDOWS\System32\ucrtbase.dll
0x00007ffe32360000 - 0x00007ffe32377000 	C:\Program Files\JetBrains\PyCharm 2021.3\jbr\bin\VCRUNTIME140.dll
0x00007ffe32380000 - 0x00007ffe32399000 	C:\Program Files\JetBrains\PyCharm 2021.3\jbr\bin\jli.dll
0x00007ffe927e0000 - 0x00007ffe9298b000 	C:\WINDOWS\System32\USER32.dll
0x00007ffe85210000 - 0x00007ffe8549e000 	C:\WINDOWS\WinSxS\amd64_microsoft.windows.common-controls_6595b64144ccf1df_6.0.22621.1635_none_270f70857386168e\COMCTL32.dll
0x00007ffe8ff00000 - 0x00007ffe8ff26000 	C:\WINDOWS\System32\win32u.dll
0x00007ffe90be0000 - 0x00007ffe90c87000 	C:\WINDOWS\System32\msvcrt.dll
0x00007ffe90a10000 - 0x00007ffe90a39000 	C:\WINDOWS\System32\GDI32.dll
0x00007ffe90120000 - 0x00007ffe90238000 	C:\WINDOWS\System32\gdi32full.dll
0x00007ffe8fe60000 - 0x00007ffe8fefa000 	C:\WINDOWS\System32\msvcp_win.dll
0x00007ffe91080000 - 0x00007ffe910b1000 	C:\WINDOWS\System32\IMM32.DLL
0x00007ffe31bf0000 - 0x00007ffe31c8d000 	C:\Program Files\JetBrains\PyCharm 2021.3\jbr\bin\msvcp140.dll
0x00007ffe243d0000 - 0x00007ffe24f46000 	C:\Program Files\JetBrains\PyCharm 2021.3\jbr\bin\server\jvm.dll
0x00007ffe91120000 - 0x00007ffe911ce000 	C:\WINDOWS\System32\ADVAPI32.dll
0x00007ffe92730000 - 0x00007ffe927d4000 	C:\WINDOWS\System32\sechost.dll
0x00007ffe91f50000 - 0x00007ffe92067000 	C:\WINDOWS\System32\RPCRT4.dll
0x00007ffe91400000 - 0x00007ffe91408000 	C:\WINDOWS\System32\PSAPI.DLL
0x00007ffe808e0000 - 0x00007ffe808e9000 	C:\WINDOWS\SYSTEM32\WSOCK32.dll
0x00007ffe907d0000 - 0x00007ffe90841000 	C:\WINDOWS\System32\WS2_32.dll
0x00007ffe8b130000 - 0x00007ffe8b164000 	C:\WINDOWS\SYSTEM32\WINMM.dll
0x00007ffe8ba40000 - 0x00007ffe8ba4a000 	C:\WINDOWS\SYSTEM32\VERSION.dll
0x00007ffe8ee70000 - 0x00007ffe8ee88000 	C:\WINDOWS\SYSTEM32\kernel.appcore.dll
0x00007ffe7db60000 - 0x00007ffe7db71000 	C:\Program Files\JetBrains\PyCharm 2021.3\jbr\bin\verify.dll
0x00007ffe857c0000 - 0x00007ffe859ee000 	C:\WINDOWS\SYSTEM32\DBGHELP.DLL
0x00007ffe90c90000 - 0x00007ffe91019000 	C:\WINDOWS\System32\combase.dll
0x00007ffe91250000 - 0x00007ffe91327000 	C:\WINDOWS\System32\OLEAUT32.dll
0x00007ffe85590000 - 0x00007ffe855c2000 	C:\WINDOWS\SYSTEM32\dbgcore.DLL
0x00007ffe900a0000 - 0x00007ffe9011b000 	C:\WINDOWS\System32\bcryptPrimitives.dll
0x00007ffe7db30000 - 0x00007ffe7db59000 	C:\Program Files\JetBrains\PyCharm 2021.3\jbr\bin\java.dll
0x00007ffe8c310000 - 0x00007ffe8c31b000 	C:\Program Files\JetBrains\PyCharm 2021.3\jbr\bin\jimage.dll
0x00007ffe7db10000 - 0x00007ffe7db28000 	C:\Program Files\JetBrains\PyCharm 2021.3\jbr\bin\zip.dll

dbghelp: loaded successfully - version: 4.0.5 - missing functions: none
symbol engine: initialized successfully - sym options: 0x614 - pdb path: .;C:\Program Files\JetBrains\PyCharm 2021.3\jbr\bin;C:\WINDOWS\SYSTEM32;C:\WINDOWS\WinSxS\amd64_microsoft.windows.common-controls_6595b64144ccf1df_6.0.22621.1635_none_270f70857386168e;C:\Program Files\JetBrains\PyCharm 2021.3\jbr\bin\server

VM Arguments:
java_command: git4idea.http.GitAskPassApp Username for 'https://github.com': 
java_class_path (initial): C:/Program Files/JetBrains/PyCharm 2021.3/plugins/git4idea/lib/git4idea-rt.jar;C:/Program Files/JetBrains/PyCharm 2021.3/lib/3rd-party.jar;C:/Program Files/JetBrains/PyCharm 2021.3/lib/3rd-party-rt.jar
Launcher Type: SUN_STANDARD

[Global flags]
     intx CICompilerCount                          = 4                                         {product} {ergonomic}
     uint ConcGCThreads                            = 3                                         {product} {ergonomic}
     uint G1ConcRefinementThreads                  = 10                                        {product} {ergonomic}
   size_t G1HeapRegionSize                         = 1048576                                   {product} {ergonomic}
    uintx GCDrainStackTargetSize                   = 64                                        {product} {ergonomic}
   size_t InitialHeapSize                          = 232783872                                 {product} {ergonomic}
   size_t MarkStackSize                            = 4194304                                   {product} {ergonomic}
   size_t MaxHeapSize                              = 3720347648                                {product} {ergonomic}
   size_t MinHeapDeltaBytes                        = 1048576                                   {product} {ergonomic}
    uintx NonNMethodCodeHeapSize                   = 5836300                                {pd product} {ergonomic}
    uintx NonProfiledCodeHeapSize                  = 122910970                              {pd product} {ergonomic}
    uintx ProfiledCodeHeapSize                     = 122910970                              {pd product} {ergonomic}
    uintx ReservedCodeCacheSize                    = 251658240                              {pd product} {ergonomic}
     bool SegmentedCodeCache                       = true                                      {product} {ergonomic}
     bool UseCompressedClassPointers               = true                                 {lp64_product} {ergonomic}
     bool UseCompressedOops                        = true                                 {lp64_product} {ergonomic}
     bool UseG1GC                                  = true                                      {product} {ergonomic}
     bool UseLargePagesIndividualAllocation        = false                                  {pd product} {ergonomic}

Logging:
Log output configuration:
 #0: stdout all=warning uptime,level,tags
 #1: stderr all=off uptime,level,tags

Environment Variables:
PATH=C:\Program Files\Git\mingw64\libexec\git-core;C:\Program Files\Git\mingw64\libexec\git-core;C:\Program Files\Git\mingw64\bin;C:\Program Files\Git\usr\bin;C:\Users\mymirkhad\bin;C:\Users\mymirkhad\PycharmProjects\Academic_schedule_generator\venv\Scripts;C:\Program Files\PerkinElmerInformatics\ChemOffice2020\ChemScript\Lib;C:\Windows\system32;C:\Windows;C:\Windows\System32\Wbem;C:\Windows\System32\WindowsPowerShell\v1.0;C:\Windows\System32\OpenSSH;C:\Program Files\Git\cmd;C:\Program Files\Docker\Docker\resources\bin;C:\ProgramData\DockerDesktop\version-bin;C:\minikube;C:\Users\mymirkhad\apps\base64.exe;C:\Program Files\dotnet;C:\Program Files\Calibre2;C:\Program Files\Microsoft SQL Server\Client SDK\ODBC\170\Tools\Binn;C:\Program Files (x86)\Microsoft SQL Server\150\Tools\Binn;C:\Program Files\Microsoft SQL Server\150\Tools\Binn;C:\Program Files\Microsoft SQL Server\150\DTS\Binn;C:\Program Files (x86)\Microsoft SQL Server\150\DTS\Binn;C:\Program Files\Azure Data Studio\bin;%SystemRoot%\system32;%SystemRoot%;%SystemRoot%\System32\Wbem;%SYSTEMROOT%\System32\WindowsPowerShell\v1.0;%SYSTEMROOT%\System32\OpenSSH;C:\Users\mymirkhad\AppData\Local\Programs\Python\Python310\Scripts;C:\Users\mymirkhad\AppData\Local\Programs\Python\Python310;C:\Users\mymirkhad\AppData\Local\Microsoft\WindowsApps;C:\Users\mymirkhad\apps;C:\Program Files\JetBrains\IntelliJ IDEA Community Edition 2021.3.1\bin;C:\Users\mymirkhad\flutter\bin;C:\Program Files\JetBrains\CLion 2021.3.2\bin;C:\Users\mymirkhad\.dotnet\tools;C:\Program Files\Azure Data Studio\bin;C:\Program Files\JetBrains\JetBrains Rider 2022.1.1\bin
USERNAME=mymirkhad
DISPLAY=:0.0
LC_ALL=en_US.UTF-8
OS=Windows_NT
PROCESSOR_IDENTIFIER=AMD64 Family 25 Model 80 Stepping 0, AuthenticAMD



---------------  S Y S T E M  ---------------

OS: Windows 11 , 64 bit Build 22621 (10.0.22621.1635)
OS uptime: 7 days 4:07 hours
Hyper-V role detected

CPU:total 12 (initial active 12) (12 cores per cpu, 2 threads per core) family 25 model 80 stepping 0 microcode 0x0, cmov, cx8, fxsr, mmx, sse, sse2, sse3, ssse3, sse4.1, sse4.2, popcnt, avx, avx2, aes, clmul, erms, mmxext, 3dnowpref, lzcnt, sse4a, ht, tsc, tscinvbit, tscinv, bmi1, bmi2, adx, sha, fma

Memory: 4k page, system-wide physical 14188M (5074M free)
TotalPageFile size 15212M (AvailPageFile size 41M)
current process WorkingSet (physical memory assigned to process): 11M, peak: 11M
current process commit charge ("private bytes"): 64M, peak: 286M

vm_info: OpenJDK 64-Bit Server VM (11.0.13+7-b1751.19) for windows-amd64 JRE (11.0.13+7-b1751.19), built on Nov  9 2021 11:31:28 by "" with MS VC++ 14.0 (VS2015)

END.
